<?xml version="1.0" encoding="UTF-8"?>
<!-- Generated by org.testng.reporters.JUnitReportReporter -->
<testsuite skipped="0" hostname="Jaya-Janardhana" name="com.sadakar.testng.runner.RunCucumberTest" tests="4" failures="2" timestamp="2022-10-04T16:53:32 IST" time="46.854" errors="0">
  <testcase name="runScenario" time="7.940" classname="com.sadakar.testng.runner.RunCucumberTest">
    <failure type="java.lang.AssertionError" message="URL mismatched expected [https://opensource-demo.orangehrmlive.com/web/index.php/pim/viewEmployeeList] but found [https://opensource-demo.orangehrmlive.com/web/index.php/auth/login]">
      <![CDATA[java.lang.AssertionError: URL mismatched expected [https://opensource-demo.orangehrmlive.com/web/index.php/pim/viewEmployeeList] but found [https://opensource-demo.orangehrmlive.com/web/index.php/auth/login]
at org.testng.Assert.fail(Assert.java:110)
at org.testng.Assert.failNotEquals(Assert.java:1413)
at org.testng.Assert.assertEqualsImpl(Assert.java:149)
at org.testng.Assert.assertEquals(Assert.java:131)
at org.testng.Assert.assertEquals(Assert.java:655)
at com.sadakar.stepdefinitions.HRMLoginPage.validateURL(HRMLoginPage.java:36)
at ✽.validate the URL(classpath:features/HRMLogout.feature:16)
]]>
    </failure>
  </testcase> <!-- runScenario -->
  <system-out/>
  <testcase name="runScenario" time="16.970" classname="com.sadakar.testng.runner.RunCucumberTest"/>
  <system-out/>
  <testcase name="runScenario" time="9.951" classname="com.sadakar.testng.runner.RunCucumberTest">
    <failure type="java.lang.AssertionError" message="URL mismatched expected [https://opensource-demo.orangehrmlive.com/web/index.php/pim/viewEmployeeList] but found [https://opensource-demo.orangehrmlive.com/web/index.php/auth/login]">
      <![CDATA[java.lang.AssertionError: URL mismatched expected [https://opensource-demo.orangehrmlive.com/web/index.php/pim/viewEmployeeList] but found [https://opensource-demo.orangehrmlive.com/web/index.php/auth/login]
at org.testng.Assert.fail(Assert.java:110)
at org.testng.Assert.failNotEquals(Assert.java:1413)
at org.testng.Assert.assertEqualsImpl(Assert.java:149)
at org.testng.Assert.assertEquals(Assert.java:131)
at org.testng.Assert.assertEquals(Assert.java:655)
at com.sadakar.stepdefinitions.HRMLoginPage.validateURL(HRMLoginPage.java:36)
at ✽.validate the URL(classpath:features/HRMLogin.feature:15)
]]>
    </failure>
  </testcase> <!-- runScenario -->
  <system-out/>
  <testcase name="runScenario" time="11.993" classname="com.sadakar.testng.runner.RunCucumberTest"/>
  <system-out/>
</testsuite> <!-- com.sadakar.testng.runner.RunCucumberTest -->
